<?xml version="1.0" encoding="UTF-8"?>
<testsuite xmlns:xsi="http://www.w3.org/2001/XMLSchema-instance" xsi:noNamespaceSchemaLocation="https://maven.apache.org/surefire/maven-surefire-plugin/xsd/surefire-test-report-3.0.xsd" version="3.0" name="com.maroti.AppTest" time="18.126" tests="1" errors="0" skipped="0" failures="0">
  <properties>
[...]
</properties>
  <testcase name="create account on guru99" classname="Guru99 application" time="17.569">
    <system-out><![CDATA[
Scenario: create account on guru99       &amp#27;[90m# com/maroti/register.feature:3&amp#27;[0m
  &amp#27;[32mGiven &amp#27;[0m&amp#27;[32mopen guru99 application&amp#27;[0m          &amp#27;[90m# com.maroti.steps.RegisterSteps.open_guru99_application()&amp#27;[0m
  &amp#27;[32mWhen &amp#27;[0m&amp#27;[32mclick on register link&amp#27;[0m            &amp#27;[90m# com.maroti.steps.RegisterSteps.click_on_register_link()&amp#27;[0m
[Register{firstName='Maroti', lastName='Pawar', email='maroti@example.com', phone='9876543210', address='Pune', city='Pune', state='Maharashtra', postalCode='410000', country='INDIA', username='maroti', password='maroti@123', cnfPassword='maroti@123'}]
  &amp#27;[32mAnd &amp#27;[0m&amp#27;[32menter the required details of user&amp#27;[0m &amp#27;[90m# com.maroti.steps.RegisterSteps.enter_the_required_details_of_user(java.util.List<com.maroti.model.Register>)&amp#27;[0m
    | firstname | lastname | phone      | email              | address | city | state       | postalCode | country | username | password   | cnfPassword |
    | Maroti    | Pawar    | 9876543210 | maroti@example.com | Pune    | Pune | Maharashtra | 410000     | INDIA   | maroti   | maroti@123 | maroti@123  |
  &amp#27;[32mThen &amp#27;[0m&amp#27;[32mclick on register buttton&amp#27;[0m         &amp#27;[90m# com.maroti.steps.RegisterSteps.click_on_register_buttton()&amp#27;[0m
]]></system-out>
    <system-err><![CDATA[Aug 11, 2023 8:03:30 AM org.openqa.selenium.manager.SeleniumManager getDriverPath
INFO: Applicable driver not found; attempting to install with Selenium Manager (Beta)
Aug 11, 2023 8:03:32 AM org.openqa.selenium.manager.SeleniumManager lambda$runCommand$1
WARNING: Error getting version of chromedriver 115. Retrying with chromedriver 114 (attempt 1/5)
SLF4J: Failed to load class "org.slf4j.impl.StaticLoggerBinder".
SLF4J: Defaulting to no-operation (NOP) logger implementation
SLF4J: See http://www.slf4j.org/codes.html#StaticLoggerBinder for further details.
Starting ChromeDriver 114.0.5735.90 (386bc09e8f4f2e025eddae123f36f6263096ae49-refs/branch-heads/5735@{#1052}) on port 5458
Only local connections are allowed.
Please see https://chromedriver.chromium.org/security-considerations for suggestions on keeping ChromeDriver safe.
ChromeDriver was started successfully.
[1691721215.052][WARNING]: This version of ChromeDriver has not been tested with Chrome version 115.
Aug 11, 2023 8:03:37 AM org.openqa.selenium.devtools.CdpVersionFinder findNearestMatch
WARNING: Unable to find an exact match for CDP version 115, so returning the closest version found: 113
]]></system-err>
  </testcase>
</testsuite>